<?xml version="1.0" encoding="UTF-8"?>
<testng-results ignored="0" total="1" passed="1" failed="0" skipped="0">
  <reporter-output>
  </reporter-output>
  <suite started-at="2022-06-07T15:16:55 IST" name="Suite" finished-at="2022-06-07T15:17:02 IST" duration-ms="6688">
    <groups>
    </groups>
    <test started-at="2022-06-07T15:16:55 IST" name="Test" finished-at="2022-06-07T15:17:02 IST" duration-ms="6688">
      <class name="com.SauceDemo.TestClasses.TC01_LoginFunctionality">
        <test-method is-config="true" signature="setUp(java.lang.String)[pri:0, instance:com.SauceDemo.TestClasses.TC01_LoginFunctionality@2bfc268b]" started-at="2022-06-07T15:16:55 IST" name="setUp" finished-at="2022-06-07T15:17:01 IST" duration-ms="6172" status="PASS">
          <params>
            <param index="0">
              <value>
                <![CDATA[chrome]]>
              </value>
            </param>
          </params>
          <reporter-output>
          </reporter-output>
        </test-method> <!-- setUp -->
        <test-method signature="loginFunctionalityTest()[pri:0, instance:com.SauceDemo.TestClasses.TC01_LoginFunctionality@2bfc268b]" started-at="2022-06-07T15:17:01 IST" name="loginFunctionalityTest" finished-at="2022-06-07T15:17:01 IST" duration-ms="151" status="PASS">
          <reporter-output>
          </reporter-output>
        </test-method> <!-- loginFunctionalityTest -->
        <test-method is-config="true" signature="tearDown()[pri:0, instance:com.SauceDemo.TestClasses.TC01_LoginFunctionality@2bfc268b]" started-at="2022-06-07T15:17:01 IST" name="tearDown" finished-at="2022-06-07T15:17:02 IST" duration-ms="336" status="PASS">
          <reporter-output>
          </reporter-output>
        </test-method> <!-- tearDown -->
      </class> <!-- com.SauceDemo.TestClasses.TC01_LoginFunctionality -->
    </test> <!-- Test -->
  </suite> <!-- Suite -->
</testng-results>
